➜  ~ docker images                                        
REPOSITORY              TAG                 IMAGE ID            CREATED             SIZE
dboon/ubuntu-tmp-file   latest              28f8c4235f53        8 seconds ago       117MB
ubuntu                  16.04               7e87e2b3bf7a        3 weeks ago         117MB
hello-world             latest              fce289e99eb9        6 weeks ago         1.84kB

docker inspect 6efba3873839 >> /home/dboon/devops/DmitriyBoon_microservices/docker-monolith/docker-1.log

[
    {
        "Id": "6efba387383975c1b1321c962e45395751aa24baeddce537c73d1a955568545b",
        "Created": "2019-02-17T10:28:09.528781745Z",
        "Path": "/bin/bash",
        "Args": [],
        "State": {
            "Status": "running",
            "Running": true,
            "Paused": false,
            "Restarting": false,
            "OOMKilled": false,
            "Dead": false,
            "Pid": 10660,
            "ExitCode": 0,
            "Error": "",
            "StartedAt": "2019-02-17T10:31:02.481829339Z",
            "FinishedAt": "2019-02-17T10:28:39.889088396Z"
        },
        "Image": "sha256:7e87e2b3bf7a84571ecc2a8cea8a81fabb63b2dde8e7fc559bcbee28d8e9be83",
        "ResolvConfPath": "/var/lib/docker/containers/6efba387383975c1b1321c962e45395751aa24baeddce537c73d1a955568545b/resolv.conf",
        "HostnamePath": "/var/lib/docker/containers/6efba387383975c1b1321c962e45395751aa24baeddce537c73d1a955568545b/hostname",
        "HostsPath": "/var/lib/docker/containers/6efba387383975c1b1321c962e45395751aa24baeddce537c73d1a955568545b/hosts",
        "LogPath": "/var/lib/docker/containers/6efba387383975c1b1321c962e45395751aa24baeddce537c73d1a955568545b/6efba387383975c1b1321c962e45395751aa24baeddce537c73d1a955568545b-json.log",
        "Name": "/pedantic_heisenberg",
        "RestartCount": 0,
        "Driver": "overlay2",
        "Platform": "linux",
        "MountLabel": "",
        "ProcessLabel": "",
        "AppArmorProfile": "docker-default",
        "ExecIDs": [
            "7b043c3c633f4c1b66a03c8d2f03edae22e170530fe0c5942aa2aef43672e8f5"
        ],
        "HostConfig": {
            "Binds": null,
            "ContainerIDFile": "",
            "LogConfig": {
                "Type": "json-file",
                "Config": {}
            },
            "NetworkMode": "default",
            "PortBindings": {},
            "RestartPolicy": {
                "Name": "no",
                "MaximumRetryCount": 0
            },
            "AutoRemove": false,
            "VolumeDriver": "",
            "VolumesFrom": null,
            "CapAdd": null,
            "CapDrop": null,
            "Dns": [],
            "DnsOptions": [],
            "DnsSearch": [],
            "ExtraHosts": null,
            "GroupAdd": null,
            "IpcMode": "shareable",
            "Cgroup": "",
            "Links": null,
            "OomScoreAdj": 0,
            "PidMode": "",
            "Privileged": false,
            "PublishAllPorts": false,
            "ReadonlyRootfs": false,
            "SecurityOpt": null,
            "UTSMode": "",
            "UsernsMode": "",
            "ShmSize": 67108864,
            "Runtime": "runc",
            "ConsoleSize": [
                0,
                0
            ],
            "Isolation": "",
            "CpuShares": 0,
            "Memory": 0,
            "NanoCpus": 0,
            "CgroupParent": "",
            "BlkioWeight": 0,
            "BlkioWeightDevice": [],
            "BlkioDeviceReadBps": null,
            "BlkioDeviceWriteBps": null,
            "BlkioDeviceReadIOps": null,
            "BlkioDeviceWriteIOps": null,
            "CpuPeriod": 0,
            "CpuQuota": 0,
            "CpuRealtimePeriod": 0,
            "CpuRealtimeRuntime": 0,
            "CpusetCpus": "",
            "CpusetMems": "",
            "Devices": [],
            "DeviceCgroupRules": null,
            "DiskQuota": 0,
            "KernelMemory": 0,
            "MemoryReservation": 0,
            "MemorySwap": 0,
            "MemorySwappiness": null,
            "OomKillDisable": false,
            "PidsLimit": 0,
            "Ulimits": null,
            "CpuCount": 0,
            "CpuPercent": 0,
            "IOMaximumIOps": 0,
            "IOMaximumBandwidth": 0,
            "MaskedPaths": [
                "/proc/asound",
                "/proc/acpi",
                "/proc/kcore",
                "/proc/keys",
                "/proc/latency_stats",
                "/proc/timer_list",
                "/proc/timer_stats",
                "/proc/sched_debug",
                "/proc/scsi",
                "/sys/firmware"
            ],
            "ReadonlyPaths": [
                "/proc/bus",
                "/proc/fs",
                "/proc/irq",
                "/proc/sys",
                "/proc/sysrq-trigger"
            ]
        },
        "GraphDriver": {
            "Data": {
                "LowerDir": "/var/lib/docker/overlay2/5aee72dfbd4290c99bb0bd29b2a112f070f8edd492787a5c067e110962cbe1be-init/diff:/var/lib/docker/overlay2/4a04a956db8b92a1618b3bd68cad809587cddbebfb12e22284c6ecaf6cc9f2fb/diff:/var/lib/docker/overlay2/15b7e9455fbae282aaeeb479f45bb08a25a13b25e261ed7be0ab551f74d69cee/diff:/var/lib/docker/overlay2/5fe7e6172a45136c3a41da5235af5e6c8f24b407aa6c49e9931a37e10ac8f0f7/diff:/var/lib/docker/overlay2/d6265d4a1027f57823355ef19d37f6814803e15b3b15150a14227de45a99ddf5/diff",
                "MergedDir": "/var/lib/docker/overlay2/5aee72dfbd4290c99bb0bd29b2a112f070f8edd492787a5c067e110962cbe1be/merged",
                "UpperDir": "/var/lib/docker/overlay2/5aee72dfbd4290c99bb0bd29b2a112f070f8edd492787a5c067e110962cbe1be/diff",
                "WorkDir": "/var/lib/docker/overlay2/5aee72dfbd4290c99bb0bd29b2a112f070f8edd492787a5c067e110962cbe1be/work"
            },
            "Name": "overlay2"
        },
        "Mounts": [],
        "Config": {
            "Hostname": "6efba3873839",
            "Domainname": "",
            "User": "",
            "AttachStdin": true,
            "AttachStdout": true,
            "AttachStderr": true,
            "Tty": true,
            "OpenStdin": true,
            "StdinOnce": true,
            "Env": [
                "PATH=/usr/local/sbin:/usr/local/bin:/usr/sbin:/usr/bin:/sbin:/bin"
            ],
            "Cmd": [
                "/bin/bash"
            ],
            "Image": "ubuntu:16.04",
            "Volumes": null,
            "WorkingDir": "",
            "Entrypoint": null,
            "OnBuild": null,
            "Labels": {}
        },
        "NetworkSettings": {
            "Bridge": "",
            "SandboxID": "ed9daaf24d4154f64a3f333e960006b5ea02d4f84036b76b61a439341bc721d0",
            "HairpinMode": false,
            "LinkLocalIPv6Address": "",
            "LinkLocalIPv6PrefixLen": 0,
            "Ports": {},
            "SandboxKey": "/var/run/docker/netns/ed9daaf24d41",
            "SecondaryIPAddresses": null,
            "SecondaryIPv6Addresses": null,
            "EndpointID": "7929939d4816d56741d8e12c03423441007d103881c967d9f1eb82aae7ade887",
            "Gateway": "172.17.0.1",
            "GlobalIPv6Address": "",
            "GlobalIPv6PrefixLen": 0,
            "IPAddress": "172.17.0.2",
            "IPPrefixLen": 16,
            "IPv6Gateway": "",
            "MacAddress": "02:42:ac:11:00:02",
            "Networks": {
                "bridge": {
                    "IPAMConfig": null,
                    "Links": null,
                    "Aliases": null,
                    "NetworkID": "69cb80630fed2ef832c412ce6a66059313877ad6b7bd634c57fe2edadaea9c7a",
                    "EndpointID": "7929939d4816d56741d8e12c03423441007d103881c967d9f1eb82aae7ade887",
                    "Gateway": "172.17.0.1",
                    "IPAddress": "172.17.0.2",
                    "IPPrefixLen": 16,
                    "IPv6Gateway": "",
                    "GlobalIPv6Address": "",
                    "GlobalIPv6PrefixLen": 0,
                    "MacAddress": "02:42:ac:11:00:02",
                    "DriverOpts": null
                }
            }
        }
    }
]
docker inspect 28f8c4235f53 >> /home/dboon/devops/DmitriyBoon_microservices/docker-monolith/docker-1.log

[
    {
        "Id": "sha256:28f8c4235f53dc473165264499ef1719acb8a3d8cc225dbcb1f30ddab0b91af9",
        "RepoTags": [
            "dboon/ubuntu-tmp-file:latest"
        ],
        "RepoDigests": [],
        "Parent": "sha256:7e87e2b3bf7a84571ecc2a8cea8a81fabb63b2dde8e7fc559bcbee28d8e9be83",
        "Comment": "",
        "Created": "2019-02-17T10:38:10.474155648Z",
        "Container": "6efba387383975c1b1321c962e45395751aa24baeddce537c73d1a955568545b",
        "ContainerConfig": {
            "Hostname": "6efba3873839",
            "Domainname": "",
            "User": "",
            "AttachStdin": true,
            "AttachStdout": true,
            "AttachStderr": true,
            "Tty": true,
            "OpenStdin": true,
            "StdinOnce": true,
            "Env": [
                "PATH=/usr/local/sbin:/usr/local/bin:/usr/sbin:/usr/bin:/sbin:/bin"
            ],
            "Cmd": [
                "/bin/bash"
            ],
            "Image": "ubuntu:16.04",
            "Volumes": null,
            "WorkingDir": "",
            "Entrypoint": null,
            "OnBuild": null,
            "Labels": {}
        },
        "DockerVersion": "18.09.2",
        "Author": "",
        "Config": {
            "Hostname": "6efba3873839",
            "Domainname": "",
            "User": "",
            "AttachStdin": true,
            "AttachStdout": true,
            "AttachStderr": true,
            "Tty": true,
            "OpenStdin": true,
            "StdinOnce": true,
            "Env": [
                "PATH=/usr/local/sbin:/usr/local/bin:/usr/sbin:/usr/bin:/sbin:/bin"
            ],
            "Cmd": [
                "/bin/bash"
            ],
            "Image": "ubuntu:16.04",
            "Volumes": null,
            "WorkingDir": "",
            "Entrypoint": null,
            "OnBuild": null,
            "Labels": {}
        },
        "Architecture": "amd64",
        "Os": "linux",
        "Size": 117240181,
        "VirtualSize": 117240181,
        "GraphDriver": {
            "Data": {
                "LowerDir": "/var/lib/docker/overlay2/4a04a956db8b92a1618b3bd68cad809587cddbebfb12e22284c6ecaf6cc9f2fb/diff:/var/lib/docker/overlay2/15b7e9455fbae282aaeeb479f45bb08a25a13b25e261ed7be0ab551f74d69cee/diff:/var/lib/docker/overlay2/5fe7e6172a45136c3a41da5235af5e6c8f24b407aa6c49e9931a37e10ac8f0f7/diff:/var/lib/docker/overlay2/d6265d4a1027f57823355ef19d37f6814803e15b3b15150a14227de45a99ddf5/diff",
                "MergedDir": "/var/lib/docker/overlay2/ee74c75aa7e1ef6348539cf267c0f62c0052bbbfef2b09edc0a8919b4d914930/merged",
                "UpperDir": "/var/lib/docker/overlay2/ee74c75aa7e1ef6348539cf267c0f62c0052bbbfef2b09edc0a8919b4d914930/diff",
                "WorkDir": "/var/lib/docker/overlay2/ee74c75aa7e1ef6348539cf267c0f62c0052bbbfef2b09edc0a8919b4d914930/work"
            },
            "Name": "overlay2"
        },
        "RootFS": {
            "Type": "layers",
            "Layers": [
                "sha256:0de2edf7bff41238438e25b6f2de055b97c7fb6fe095cd560c2095b8dd70fc99",
                "sha256:b2fd8b4c3da7e720f748179985ff20f537d504a9f4b0df09ac7611b390addab8",
                "sha256:f67191ae09b8f583063c9f2e369ce3743a4f4eca91e2f7c4c3e4f5a7fba6b24a",
                "sha256:68dda0c9a8cd82911fa164ad1461ded7901784ddc4f221c3bd0ae6acbea7ad36",
                "sha256:1aa95fff25579efe6625e288ee690d44ad92225bb568082917b31810cfed535f"
            ]
        },
        "Metadata": {
            "LastTagTime": "2019-02-17T13:38:10.489419527+03:00"
        }
    }
]
В image нет подключенных процессов, сети, и подключенных хранилищ 